[debug] [2024-02-03T19:05:02.337Z] ----------------------------------------------------------------------
[debug] [2024-02-03T19:05:02.340Z] Command:       C:\Program Files\nodejs\node.exe C:\Users\SST2003\AppData\Roaming\npm\node_modules\firebase-tools\lib\bin\firebase.js init
[debug] [2024-02-03T19:05:02.340Z] CLI Version:   13.1.0
[debug] [2024-02-03T19:05:02.341Z] Platform:      win32
[debug] [2024-02-03T19:05:02.341Z] Node Version:  v20.11.0
[debug] [2024-02-03T19:05:02.341Z] Time:          Sun Feb 04 2024 02:05:02 GMT+0700 (Indochina Time)
[debug] [2024-02-03T19:05:02.341Z] ----------------------------------------------------------------------
[debug] 
[debug] [2024-02-03T19:05:02.346Z] > command requires scopes: ["email","openid","https://www.googleapis.com/auth/cloudplatformprojects.readonly","https://www.googleapis.com/auth/firebase","https://www.googleapis.com/auth/cloud-platform"]
[debug] [2024-02-03T19:05:02.347Z] > authorizing via signed-in user (satthathorn.s@kkumail.com)
[info] 
     ######## #### ########  ######## ########     ###     ######  ########
     ##        ##  ##     ## ##       ##     ##  ##   ##  ##       ##
     ######    ##  ########  ######   ########  #########  ######  ######
     ##        ##  ##    ##  ##       ##     ## ##     ##       ## ##
     ##       #### ##     ## ######## ########  ##     ##  ######  ########

You're about to initialize a Firebase project in this directory:

  E:\Mai Work\HangmanGame\hangman

[info] 
=== Project Setup
[info] 
[info] First, let's associate this project directory with a Firebase project.
[info] You can create multiple project aliases by running firebase use --add, 
[info] but for now we'll just set up a default project.
[info] 
[debug] [2024-02-03T19:05:14.110Z] >>> [apiv2][query] GET https://firebase.googleapis.com/v1beta1/projects pageSize=100
[debug] [2024-02-03T19:05:15.064Z] <<< [apiv2][status] GET https://firebase.googleapis.com/v1beta1/projects 200
[debug] [2024-02-03T19:05:15.064Z] <<< [apiv2][body] GET https://firebase.googleapis.com/v1beta1/projects [omitted]
[info] i  Using project mai-babf7 (Mai ) 
[info] 
=== Hosting Setup
[debug] [2024-02-03T19:05:19.284Z] >>> [apiv2][query] GET https://firebase.googleapis.com/v1beta1/projects/mai-babf7 [none]
[debug] [2024-02-03T19:05:19.849Z] <<< [apiv2][status] GET https://firebase.googleapis.com/v1beta1/projects/mai-babf7 200
[debug] [2024-02-03T19:05:19.849Z] <<< [apiv2][body] GET https://firebase.googleapis.com/v1beta1/projects/mai-babf7 {"projectId":"mai-babf7","projectNumber":"815969735903","displayName":"Mai ","name":"projects/mai-babf7","resources":{"hostingSite":"mai-babf7"},"state":"ACTIVE","etag":"1_6180527d-f60d-479e-aaec-f8a1619e650d"}
[info] 
[info] Your public directory is the folder (relative to your project directory) that
[info] will contain Hosting assets to be uploaded with firebase deploy. If you
[info] have a build process for your assets, use your build's output directory.
[info] 
[debug] [2024-02-03T19:07:03.279Z] >>> [apiv2][query] GET https://www.gstatic.com/firebasejs/releases.json [none]
[debug] [2024-02-03T19:07:03.403Z] <<< [apiv2][status] GET https://www.gstatic.com/firebasejs/releases.json 200
[debug] [2024-02-03T19:07:03.403Z] <<< [apiv2][body] GET https://www.gstatic.com/firebasejs/releases.json {"current":{"version":"10.8.0","browserURL":"https://www.gstatic.com/firebasejs/10.8.0/firebase.js","packageURL":"https://www.gstatic.com/firebasejs/10.8.0/firebase.tgz"},"live":{"version":"10.8","browserURL":"https://www.gstatic.com/firebasejs/live/10.8/firebase.js","packageURL":"https://www.gstatic.com/firebasejs/live/10.8/firebase.tgz"},"components":{"analytics":"https://www.gstatic.com/firebasejs/10.8.0/firebase-analytics.js","app":"https://www.gstatic.com/firebasejs/10.8.0/firebase-app.js","app-check":"https://www.gstatic.com/firebasejs/10.8.0/firebase-app-check.js","auth":"https://www.gstatic.com/firebasejs/10.8.0/firebase-auth.js","auth/cordova":"https://www.gstatic.com/firebasejs/10.8.0/firebase-auth/cordova.js","auth/web-extension":"https://www.gstatic.com/firebasejs/10.8.0/firebase-auth/web-extension.js","functions":"https://www.gstatic.com/firebasejs/10.8.0/firebase-functions.js","firestore":"https://www.gstatic.com/firebasejs/10.8.0/firebase-firestore.js","firestore/lite":"https://www.gstatic.com/firebasejs/10.8.0/firebase-firestore/lite.js","installations":"https://www.gstatic.com/firebasejs/10.8.0/firebase-installations.js","storage":"https://www.gstatic.com/firebasejs/10.8.0/firebase-storage.js","performance":"https://www.gstatic.com/firebasejs/10.8.0/firebase-performance.js","remote-config":"https://www.gstatic.com/firebasejs/10.8.0/firebase-remote-config.js","messaging":"https://www.gstatic.com/firebasejs/10.8.0/firebase-messaging.js","messaging/sw":"https://www.gstatic.com/firebasejs/10.8.0/firebase-messaging/sw.js","database":"https://www.gstatic.com/firebasejs/10.8.0/firebase-database.js","firestore.memory":"https://www.gstatic.com/firebasejs/10.8.0/firebase-firestore.memory.js"}}
[info] +  Wrote public/index.html 
[info] 
[info] i  Detected a .git folder at E:\Mai Work\HangmanGame\hangman 
[info] i  Authorizing with GitHub to upload your service account to a GitHub repository's secrets store. 
[info] 
[info] Visit this URL on this device to log in:
[info] https://github.com/login/oauth/authorize?client_id=89cf50f02ac6aaed3484&state=624912702&redirect_uri=http%3A%2F%2Flocalhost%3A9005&scope=read%3Auser%20repo%20public_repo
[info] 
[info] Waiting for authentication...
[debug] [2024-02-03T19:07:23.794Z] >>> [apiv2][query] POST https://github.com/login/oauth/access_token [none]
[debug] [2024-02-03T19:07:23.794Z] >>> [apiv2][body] POST https://github.com/login/oauth/access_token [stream]
[debug] [2024-02-03T19:07:24.245Z] <<< [apiv2][status] POST https://github.com/login/oauth/access_token 200
[debug] [2024-02-03T19:07:24.246Z] <<< [apiv2][body] POST https://github.com/login/oauth/access_token {"access_token":"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","token_type":"bearer","scope":"read:user,repo"}
[debug] [2024-02-03T19:07:24.266Z] >>> [apiv2][query] GET https://api.github.com/user [none]
[debug] [2024-02-03T19:07:24.743Z] <<< [apiv2][status] GET https://api.github.com/user 200
[debug] [2024-02-03T19:07:24.743Z] <<< [apiv2][body] GET https://api.github.com/user {"login":"5atthaThorn","id":137262597,"node_id":"U_kgDOCC52BQ","avatar_url":"https://avatars.githubusercontent.com/u/137262597?v=4","gravatar_id":"","url":"https://api.github.com/users/5atthaThorn","html_url":"https://github.com/5atthaThorn","followers_url":"https://api.github.com/users/5atthaThorn/followers","following_url":"https://api.github.com/users/5atthaThorn/following{/other_user}","gists_url":"https://api.github.com/users/5atthaThorn/gists{/gist_id}","starred_url":"https://api.github.com/users/5atthaThorn/starred{/owner}{/repo}","subscriptions_url":"https://api.github.com/users/5atthaThorn/subscriptions","organizations_url":"https://api.github.com/users/5atthaThorn/orgs","repos_url":"https://api.github.com/users/5atthaThorn/repos","events_url":"https://api.github.com/users/5atthaThorn/events{/privacy}","received_events_url":"https://api.github.com/users/5atthaThorn/received_events","type":"User","site_admin":false,"name":null,"company":null,"blog":"","location":null,"email":null,"hireable":null,"bio":null,"twitter_username":null,"public_repos":4,"public_gists":0,"followers":0,"following":0,"created_at":"2023-06-21T06:21:00Z","updated_at":"2024-02-03T18:02:24Z","private_gists":0,"total_private_repos":2,"owned_private_repos":2,"disk_usage":267,"collaborators":0,"two_factor_authentication":false,"plan":{"name":"pro","space":976562499,"collaborators":0,"private_repos":9999}}
[info] 
[info] +  Success! Logged into GitHub as 5atthaThorn 
[info] 
[debug] [2024-02-03T19:07:48.930Z] >>> [apiv2][query] GET https://api.github.com/repos/5atthaThorn/hangman/actions/secrets/public-key type=owner
[debug] [2024-02-03T19:07:49.340Z] <<< [apiv2][status] GET https://api.github.com/repos/5atthaThorn/hangman/actions/secrets/public-key 404
[debug] [2024-02-03T19:07:49.340Z] <<< [apiv2][body] GET https://api.github.com/repos/5atthaThorn/hangman/actions/secrets/public-key {"message":"Not Found","documentation_url":"https://docs.github.com/rest/actions/secrets#get-a-repository-public-key"}
[info] 
[info] 
[error] !  The provided authorization cannot be used with this repository. If this repository is in an organization, did you remember to grant access? 
[info] 
[info] i  Action required: Visit this URL to ensure access has been granted to the appropriate organization(s) for the Firebase CLI GitHub OAuth App: 
[info] https://github.com/settings/connections/applications/89cf50f02ac6aaed3484
[info] 
[debug] [2024-02-03T19:08:07.519Z] >>> [apiv2][query] GET https://api.github.com/repos/5atthaThorn/hangman/actions/secrets/public-key type=owner
[debug] [2024-02-03T19:08:07.924Z] <<< [apiv2][status] GET https://api.github.com/repos/5atthaThorn/hangman/actions/secrets/public-key 401
[debug] [2024-02-03T19:08:07.925Z] <<< [apiv2][body] GET https://api.github.com/repos/5atthaThorn/hangman/actions/secrets/public-key {"message":"Bad credentials","documentation_url":"https://docs.github.com/rest"}
[debug] [2024-02-03T19:08:27.131Z] >>> [apiv2][query] GET https://api.github.com/repos/5atthaThorn/hangman/actions/secrets/public-key type=owner
[debug] [2024-02-03T19:08:27.524Z] <<< [apiv2][status] GET https://api.github.com/repos/5atthaThorn/hangman/actions/secrets/public-key 401
[debug] [2024-02-03T19:08:27.524Z] <<< [apiv2][body] GET https://api.github.com/repos/5atthaThorn/hangman/actions/secrets/public-key {"message":"Bad credentials","documentation_url":"https://docs.github.com/rest"}
[debug] [2024-02-03T19:08:44.839Z] >>> [apiv2][query] GET https://api.github.com/repos/5atthaThorn/hangmannote/actions/secrets/public-key type=owner
[debug] [2024-02-03T19:08:45.224Z] <<< [apiv2][status] GET https://api.github.com/repos/5atthaThorn/hangmannote/actions/secrets/public-key 401
[debug] [2024-02-03T19:08:45.224Z] <<< [apiv2][body] GET https://api.github.com/repos/5atthaThorn/hangmannote/actions/secrets/public-key {"message":"Bad credentials","documentation_url":"https://docs.github.com/rest"}
[debug] [2024-02-03T19:09:04.549Z] >>> [apiv2][query] GET https://api.github.com/repos/5atthaThorn/hangmannote/actions/secrets/public-key type=owner
[debug] [2024-02-03T19:09:04.929Z] <<< [apiv2][status] GET https://api.github.com/repos/5atthaThorn/hangmannote/actions/secrets/public-key 401
[debug] [2024-02-03T19:09:04.929Z] <<< [apiv2][body] GET https://api.github.com/repos/5atthaThorn/hangmannote/actions/secrets/public-key {"message":"Bad credentials","documentation_url":"https://docs.github.com/rest"}
[debug] [2024-02-03T19:09:05.851Z] >>> [apiv2][query] GET https://api.github.com/repos/5atthaThorn/hangmannote/actions/secrets/public-key type=owner
[debug] [2024-02-03T19:09:06.155Z] <<< [apiv2][status] GET https://api.github.com/repos/5atthaThorn/hangmannote/actions/secrets/public-key 401
[debug] [2024-02-03T19:09:06.155Z] <<< [apiv2][body] GET https://api.github.com/repos/5atthaThorn/hangmannote/actions/secrets/public-key {"message":"Bad credentials","documentation_url":"https://docs.github.com/rest"}
[debug] [2024-02-03T19:09:52.715Z] >>> [apiv2][query] GET https://api.github.com/repos/5atthaThorn/hangmannote/actions/secrets/public-key type=owner
[debug] [2024-02-03T19:09:53.125Z] <<< [apiv2][status] GET https://api.github.com/repos/5atthaThorn/hangmannote/actions/secrets/public-key 401
[debug] [2024-02-03T19:09:53.126Z] <<< [apiv2][body] GET https://api.github.com/repos/5atthaThorn/hangmannote/actions/secrets/public-key {"message":"Bad credentials","documentation_url":"https://docs.github.com/rest"}
[debug] [2024-02-03T19:09:53.227Z] >>> [apiv2][query] GET https://api.github.com/repos/5atthaThorn/hangmannote/actions/secrets/public-key type=owner
[debug] [2024-02-03T19:09:53.445Z] >>> [apiv2][query] GET https://api.github.com/repos//actions/secrets/public-key type=owner
[debug] [2024-02-03T19:09:53.533Z] <<< [apiv2][status] GET https://api.github.com/repos/5atthaThorn/hangmannote/actions/secrets/public-key 401
[debug] [2024-02-03T19:09:53.533Z] <<< [apiv2][body] GET https://api.github.com/repos/5atthaThorn/hangmannote/actions/secrets/public-key {"message":"Bad credentials","documentation_url":"https://docs.github.com/rest"}
[debug] [2024-02-03T19:09:53.824Z] <<< [apiv2][status] GET https://api.github.com/repos//actions/secrets/public-key 401
[debug] [2024-02-03T19:09:53.824Z] <<< [apiv2][body] GET https://api.github.com/repos//actions/secrets/public-key {"message":"Bad credentials","documentation_url":"https://docs.github.com/rest"}
[debug] [2024-02-03T19:09:54.756Z] >>> [apiv2][query] GET https://api.github.com/repos/5atthaThorn/actions/secrets/public-key type=owner
[debug] [2024-02-03T19:09:55.057Z] <<< [apiv2][status] GET https://api.github.com/repos/5atthaThorn/actions/secrets/public-key 401
[debug] [2024-02-03T19:09:55.058Z] <<< [apiv2][body] GET https://api.github.com/repos/5atthaThorn/actions/secrets/public-key {"message":"Bad credentials","documentation_url":"https://docs.github.com/rest"}
[debug] [2024-02-03T19:09:55.305Z] >>> [apiv2][query] GET https://api.github.com/repos/5atthaThorn/actions/secrets/public-key type=owner
[debug] [2024-02-03T19:09:55.618Z] <<< [apiv2][status] GET https://api.github.com/repos/5atthaThorn/actions/secrets/public-key 401
[debug] [2024-02-03T19:09:55.618Z] <<< [apiv2][body] GET https://api.github.com/repos/5atthaThorn/actions/secrets/public-key {"message":"Bad credentials","documentation_url":"https://docs.github.com/rest"}
[debug] [2024-02-03T19:09:55.684Z] >>> [apiv2][query] GET https://api.github.com/repos/5atthaThorn/actions/secrets/public-key type=owner
[debug] [2024-02-03T19:09:55.986Z] <<< [apiv2][status] GET https://api.github.com/repos/5atthaThorn/actions/secrets/public-key 401
[debug] [2024-02-03T19:09:55.986Z] <<< [apiv2][body] GET https://api.github.com/repos/5atthaThorn/actions/secrets/public-key {"message":"Bad credentials","documentation_url":"https://docs.github.com/rest"}
[debug] [2024-02-03T19:10:07.445Z] >>> [apiv2][query] GET https://api.github.com/repos/5atthaThorn/hangmannote/actions/secrets/public-key type=owner
[debug] [2024-02-03T19:10:07.827Z] <<< [apiv2][status] GET https://api.github.com/repos/5atthaThorn/hangmannote/actions/secrets/public-key 401
[debug] [2024-02-03T19:10:07.827Z] <<< [apiv2][body] GET https://api.github.com/repos/5atthaThorn/hangmannote/actions/secrets/public-key {"message":"Bad credentials","documentation_url":"https://docs.github.com/rest"}
[debug] [2024-02-03T19:10:39.764Z] >>> [apiv2][query] GET https://api.github.com/repos/5atthaThorn/hangmannote/actions/secrets/public-key type=owner
[debug] [2024-02-03T19:10:40.141Z] <<< [apiv2][status] GET https://api.github.com/repos/5atthaThorn/hangmannote/actions/secrets/public-key 401
[debug] [2024-02-03T19:10:40.141Z] <<< [apiv2][body] GET https://api.github.com/repos/5atthaThorn/hangmannote/actions/secrets/public-key {"message":"Bad credentials","documentation_url":"https://docs.github.com/rest"}
[debug] [2024-02-03T19:10:40.804Z] >>> [apiv2][query] GET https://api.github.com/repos/5atthaThorn/hangmannote/actions/secrets/public-key type=owner
[debug] [2024-02-03T19:10:41.108Z] <<< [apiv2][status] GET https://api.github.com/repos/5atthaThorn/hangmannote/actions/secrets/public-key 401
[debug] [2024-02-03T19:10:41.108Z] <<< [apiv2][body] GET https://api.github.com/repos/5atthaThorn/hangmannote/actions/secrets/public-key {"message":"Bad credentials","documentation_url":"https://docs.github.com/rest"}
[debug] [2024-02-03T19:10:41.604Z] >>> [apiv2][query] GET https://api.github.com/repos/5atthaThorn/hangmannote/actions/secrets/public-key type=owner
[debug] [2024-02-03T19:10:41.764Z] >>> [apiv2][query] GET https://api.github.com/repos//actions/secrets/public-key type=owner
[debug] [2024-02-03T19:10:41.914Z] <<< [apiv2][status] GET https://api.github.com/repos/5atthaThorn/hangmannote/actions/secrets/public-key 401
[debug] [2024-02-03T19:10:41.915Z] <<< [apiv2][body] GET https://api.github.com/repos/5atthaThorn/hangmannote/actions/secrets/public-key {"message":"Bad credentials","documentation_url":"https://docs.github.com/rest"}
[debug] [2024-02-03T19:10:41.935Z] >>> [apiv2][query] GET https://api.github.com/repos/5atthaThorn/hangmannote/actions/secrets/public-key type=owner
[debug] [2024-02-03T19:10:42.086Z] >>> [apiv2][query] GET https://api.github.com/repos//actions/secrets/public-key type=owner
[debug] [2024-02-03T19:10:42.136Z] <<< [apiv2][status] GET https://api.github.com/repos//actions/secrets/public-key 401
[debug] [2024-02-03T19:10:42.137Z] <<< [apiv2][body] GET https://api.github.com/repos//actions/secrets/public-key {"message":"Bad credentials","documentation_url":"https://docs.github.com/rest"}
[debug] [2024-02-03T19:10:42.236Z] <<< [apiv2][status] GET https://api.github.com/repos/5atthaThorn/hangmannote/actions/secrets/public-key 401
[debug] [2024-02-03T19:10:42.236Z] <<< [apiv2][body] GET https://api.github.com/repos/5atthaThorn/hangmannote/actions/secrets/public-key {"message":"Bad credentials","documentation_url":"https://docs.github.com/rest"}
[debug] [2024-02-03T19:10:42.458Z] <<< [apiv2][status] GET https://api.github.com/repos//actions/secrets/public-key 401
[debug] [2024-02-03T19:10:42.459Z] <<< [apiv2][body] GET https://api.github.com/repos//actions/secrets/public-key {"message":"Bad credentials","documentation_url":"https://docs.github.com/rest"}
